0 verbose cli C:\Program Files\nodejs\node.exe C:\Users\SAM\AppData\Roaming\npm\node_modules\npm\bin\npm-cli.js
1 info using npm@11.11.0
2 info using node@v24.14.0
3 silly config load:file:C:\Users\SAM\AppData\Roaming\npm\node_modules\npm\npmrc
4 silly config load:file:C:\Users\SAM\OneDrive\Documents\Desktop\DishDash-Food-App-Management-System\frontend\.npmrc
5 silly config load:file:C:\Users\SAM\.npmrc
6 silly config load:file:C:\Users\SAM\AppData\Roaming\npm\etc\npmrc
7 verbose title npm install
8 verbose argv "install" "--ignore-scripts" "--cache" ".npm-cache" "--no-audit" "--no-fund"
9 verbose logfile logs-max:10 dir:C:\Users\SAM\OneDrive\Documents\Desktop\DishDash-Food-App-Management-System\frontend\.npm-cache\_logs\2026-03-09T13_06_23_652Z-
10 verbose logfile C:\Users\SAM\OneDrive\Documents\Desktop\DishDash-Food-App-Management-System\frontend\.npm-cache\_logs\2026-03-09T13_06_23_652Z-debug-0.log
11 silly logfile done cleaning log files
12 silly packumentCache heap:2348810240 maxSize:587202560 maxEntrySize:293601280
13 silly idealTree buildDeps
14 silly reify mark retired [
14 silly reify   'C:\\Users\\SAM\\OneDrive\\Documents\\Desktop\\DishDash-Food-App-Management-System\\frontend\\node_modules\\ajv'
14 silly reify ]
15 silly reify mark retired [
15 silly reify   'C:\\Users\\SAM\\OneDrive\\Documents\\Desktop\\DishDash-Food-App-Management-System\\frontend\\node_modules\\caniuse-lite'
15 silly reify ]
16 silly reify mark retired [
16 silly reify   'C:\\Users\\SAM\\OneDrive\\Documents\\Desktop\\DishDash-Food-App-Management-System\\frontend\\node_modules\\d3-array'
16 silly reify ]
17 silly reify mark retired [
17 silly reify   'C:\\Users\\SAM\\OneDrive\\Documents\\Desktop\\DishDash-Food-App-Management-System\\frontend\\node_modules\\es-abstract'
17 silly reify ]
18 silly reify mark retired [
18 silly reify   'C:\\Users\\SAM\\OneDrive\\Documents\\Desktop\\DishDash-Food-App-Management-System\\frontend\\node_modules\\enhanced-resolve'
18 silly reify ]
19 silly reify mark retired [
19 silly reify   'C:\\Users\\SAM\\OneDrive\\Documents\\Desktop\\DishDash-Food-App-Management-System\\frontend\\node_modules\\es-iterator-helpers'
19 silly reify ]
20 silly reify mark retired [
20 silly reify   'C:\\Users\\SAM\\OneDrive\\Documents\\Desktop\\DishDash-Food-App-Management-System\\frontend\\node_modules\\eslint'
20 silly reify ]
21 silly reify mark retired [
21 silly reify   'C:\\Users\\SAM\\OneDrive\\Documents\\Desktop\\DishDash-Food-App-Management-System\\frontend\\node_modules\\eslint-plugin-import'
21 silly reify ]
22 silly reify mark retired [
22 silly reify   'C:\\Users\\SAM\\OneDrive\\Documents\\Desktop\\DishDash-Food-App-Management-System\\frontend\\node_modules\\eslint-plugin-jsx-a11y'
22 silly reify ]
23 silly reify mark retired [
23 silly reify   'C:\\Users\\SAM\\OneDrive\\Documents\\Desktop\\DishDash-Food-App-Management-System\\frontend\\node_modules\\eslint-import-resolver-node'
23 silly reify ]
24 silly reify mark retired [
24 silly reify   'C:\\Users\\SAM\\OneDrive\\Documents\\Desktop\\DishDash-Food-App-Management-System\\frontend\\node_modules\\motion-utils'
24 silly reify ]
25 silly reify mark retired [
25 silly reify   'C:\\Users\\SAM\\OneDrive\\Documents\\Desktop\\DishDash-Food-App-Management-System\\frontend\\node_modules\\goober'
25 silly reify ]
26 silly reify mark retired [
26 silly reify   'C:\\Users\\SAM\\OneDrive\\Documents\\Desktop\\DishDash-Food-App-Management-System\\frontend\\node_modules\\next'
26 silly reify ]
27 silly reify mark retired [
27 silly reify   'C:\\Users\\SAM\\OneDrive\\Documents\\Desktop\\DishDash-Food-App-Management-System\\frontend\\node_modules\\hermes-parser'
27 silly reify ]
28 silly reify mark retired [
28 silly reify   'C:\\Users\\SAM\\OneDrive\\Documents\\Desktop\\DishDash-Food-App-Management-System\\frontend\\node_modules\\eslint-plugin-react'
28 silly reify ]
29 silly reify mark retired [
29 silly reify   'C:\\Users\\SAM\\OneDrive\\Documents\\Desktop\\DishDash-Food-App-Management-System\\frontend\\node_modules\\tsconfig-paths'
29 silly reify ]
30 silly reify mark retired [
30 silly reify   'C:\\Users\\SAM\\OneDrive\\Documents\\Desktop\\DishDash-Food-App-Management-System\\frontend\\node_modules\\sharp'
30 silly reify ]
31 silly reify mark retired [
31 silly reify   'C:\\Users\\SAM\\OneDrive\\Documents\\Desktop\\DishDash-Food-App-Management-System\\frontend\\node_modules\\recharts'
31 silly reify ]
32 silly reify mark retired [
32 silly reify   'C:\\Users\\SAM\\OneDrive\\Documents\\Desktop\\DishDash-Food-App-Management-System\\frontend\\node_modules\\@eslint\\eslintrc'
32 silly reify ]
33 silly reify mark retired [
33 silly reify   'C:\\Users\\SAM\\OneDrive\\Documents\\Desktop\\DishDash-Food-App-Management-System\\frontend\\node_modules\\tinyglobby'
33 silly reify ]
34 silly reify mark retired [
34 silly reify   'C:\\Users\\SAM\\OneDrive\\Documents\\Desktop\\DishDash-Food-App-Management-System\\frontend\\node_modules\\@jridgewell\\gen-mapping'
34 silly reify ]
35 silly reify mark retired [
35 silly reify   'C:\\Users\\SAM\\OneDrive\\Documents\\Desktop\\DishDash-Food-App-Management-System\\frontend\\node_modules\\victory-vendor'
35 silly reify ]
36 silly reify mark retired [
36 silly reify   'C:\\Users\\SAM\\OneDrive\\Documents\\Desktop\\DishDash-Food-App-Management-System\\frontend\\node_modules\\@tybys\\wasm-util'
36 silly reify ]
37 silly reify mark retired [
37 silly reify   'C:\\Users\\SAM\\OneDrive\\Documents\\Desktop\\DishDash-Food-App-Management-System\\frontend\\node_modules\\@eslint-community\\eslint-utils'
37 silly reify ]
38 silly reify mark retired [
38 silly reify   'C:\\Users\\SAM\\OneDrive\\Documents\\Desktop\\DishDash-Food-App-Management-System\\frontend\\node_modules\\@typescript-eslint\\utils'
38 silly reify ]
39 silly reify mark retired [
39 silly reify   'C:\\Users\\SAM\\OneDrive\\Documents\\Desktop\\DishDash-Food-App-Management-System\\frontend\\node_modules\\@typescript-eslint\\typescript-estree'
39 silly reify ]
40 silly reify mark retired [
40 silly reify   'C:\\Users\\SAM\\OneDrive\\Documents\\Desktop\\DishDash-Food-App-Management-System\\frontend\\node_modules\\@reduxjs\\toolkit'
40 silly reify ]
41 silly reify mark retired [
41 silly reify   'C:\\Users\\SAM\\OneDrive\\Documents\\Desktop\\DishDash-Food-App-Management-System\\frontend\\node_modules\\resolve',
41 silly reify   'C:\\Users\\SAM\\OneDrive\\Documents\\Desktop\\DishDash-Food-App-Management-System\\frontend\\node_modules\\.bin\\resolve',
41 silly reify   'C:\\Users\\SAM\\OneDrive\\Documents\\Desktop\\DishDash-Food-App-Management-System\\frontend\\node_modules\\.bin\\resolve.cmd',
41 silly reify   'C:\\Users\\SAM\\OneDrive\\Documents\\Desktop\\DishDash-Food-App-Management-System\\frontend\\node_modules\\.bin\\resolve.ps1'
41 silly reify ]
42 silly reify moves {
42 silly reify   'C:\\Users\\SAM\\OneDrive\\Documents\\Desktop\\DishDash-Food-App-Management-System\\frontend\\node_modules\\ajv': 'C:\\Users\\SAM\\OneDrive\\Documents\\Desktop\\DishDash-Food-App-Management-System\\frontend\\node_modules\\.ajv-B1gMs1Au',
42 silly reify   'C:\\Users\\SAM\\OneDrive\\Documents\\Desktop\\DishDash-Food-App-Management-System\\frontend\\node_modules\\caniuse-lite': 'C:\\Users\\SAM\\OneDrive\\Documents\\Desktop\\DishDash-Food-App-Management-System\\frontend\\node_modules\\.caniuse-lite-T1CSEYhh',
42 silly reify   'C:\\Users\\SAM\\OneDrive\\Documents\\Desktop\\DishDash-Food-App-Management-System\\frontend\\node_modules\\d3-array': 'C:\\Users\\SAM\\OneDrive\\Documents\\Desktop\\DishDash-Food-App-Management-System\\frontend\\node_modules\\.d3-array-mkoNeSCa',
42 silly reify   'C:\\Users\\SAM\\OneDrive\\Documents\\Desktop\\DishDash-Food-App-Management-System\\frontend\\node_modules\\es-abstract': 'C:\\Users\\SAM\\OneDrive\\Documents\\Desktop\\DishDash-Food-App-Management-System\\frontend\\node_modules\\.es-abstract-Np0QEzj7',
42 silly reify   'C:\\Users\\SAM\\OneDrive\\Documents\\Desktop\\DishDash-Food-App-Management-System\\frontend\\node_modules\\enhanced-resolve': 'C:\\Users\\SAM\\OneDrive\\Documents\\Desktop\\DishDash-Food-App-Management-System\\frontend\\node_modules\\.enhanced-resolve-83pdjeV3',
42 silly reify   'C:\\Users\\SAM\\OneDrive\\Documents\\Desktop\\DishDash-Food-App-Management-System\\frontend\\node_modules\\es-iterator-helpers': 'C:\\Users\\SAM\\OneDrive\\Documents\\Desktop\\DishDash-Food-App-Management-System\\frontend\\node_modules\\.es-iterator-helpers-GmQrY6ee',
42 silly reify   'C:\\Users\\SAM\\OneDrive\\Documents\\Desktop\\DishDash-Food-App-Management-System\\frontend\\node_modules\\eslint': 'C:\\Users\\SAM\\OneDrive\\Documents\\Desktop\\DishDash-Food-App-Management-System\\frontend\\node_modules\\.eslint-A0MXcMaJ',
42 silly reify   'C:\\Users\\SAM\\OneDrive\\Documents\\Desktop\\DishDash-Food-App-Management-System\\frontend\\node_modules\\eslint-plugin-import': 'C:\\Users\\SAM\\OneDrive\\Documents\\Desktop\\DishDash-Food-App-Management-System\\frontend\\node_modules\\.eslint-plugin-import-JAU8I9VK',
42 silly reify   'C:\\Users\\SAM\\OneDrive\\Documents\\Desktop\\DishDash-Food-App-Management-System\\frontend\\node_modules\\eslint-plugin-jsx-a11y': 'C:\\Users\\SAM\\OneDrive\\Documents\\Desktop\\DishDash-Food-App-Management-System\\frontend\\node_modules\\.eslint-plugin-jsx-a11y-ypNY5LsF',
42 silly reify   'C:\\Users\\SAM\\OneDrive\\Documents\\Desktop\\DishDash-Food-App-Management-System\\frontend\\node_modules\\eslint-import-resolver-node': 'C:\\Users\\SAM\\OneDrive\\Documents\\Desktop\\DishDash-Food-App-Management-System\\frontend\\node_modules\\.eslint-import-resolver-node-PK5doiTG',
42 silly reify   'C:\\Users\\SAM\\OneDrive\\Documents\\Desktop\\DishDash-Food-App-Management-System\\frontend\\node_modules\\motion-utils': 'C:\\Users\\SAM\\OneDrive\\Documents\\Desktop\\DishDash-Food-App-Management-System\\frontend\\node_modules\\.motion-utils-5LxNE7Q7',
42 silly reify   'C:\\Users\\SAM\\OneDrive\\Documents\\Desktop\\DishDash-Food-App-Management-System\\frontend\\node_modules\\goober': 'C:\\Users\\SAM\\OneDrive\\Documents\\Desktop\\DishDash-Food-App-Management-System\\frontend\\node_modules\\.goober-OEQTj26I',
42 silly reify   'C:\\Users\\SAM\\OneDrive\\Documents\\Desktop\\DishDash-Food-App-Management-System\\frontend\\node_modules\\next': 'C:\\Users\\SAM\\OneDrive\\Documents\\Desktop\\DishDash-Food-App-Management-System\\frontend\\node_modules\\.next-nvRkJiJ5',
42 silly reify   'C:\\Users\\SAM\\OneDrive\\Documents\\Desktop\\DishDash-Food-App-Management-System\\frontend\\node_modules\\hermes-parser': 'C:\\Users\\SAM\\OneDrive\\Documents\\Desktop\\DishDash-Food-App-Management-System\\frontend\\node_modules\\.hermes-parser-iMrdEtQc',
42 silly reify   'C:\\Users\\SAM\\OneDrive\\Documents\\Desktop\\DishDash-Food-App-Management-System\\frontend\\node_modules\\eslint-plugin-react': 'C:\\Users\\SAM\\OneDrive\\Documents\\Desktop\\DishDash-Food-App-Management-System\\frontend\\node_modules\\.eslint-plugin-react-JZWgDKw8',
42 silly reify   'C:\\Users\\SAM\\OneDrive\\Documents\\Desktop\\DishDash-Food-App-Management-System\\frontend\\node_modules\\tsconfig-paths': 'C:\\Users\\SAM\\OneDrive\\Documents\\Desktop\\DishDash-Food-App-Management-System\\frontend\\node_modules\\.tsconfig-paths-ipOrfU4r',
42 silly reify   'C:\\Users\\SAM\\OneDrive\\Documents\\Desktop\\DishDash-Food-App-Management-System\\frontend\\node_modules\\sharp': 'C:\\Users\\SAM\\OneDrive\\Documents\\Desktop\\DishDash-Food-App-Management-System\\frontend\\node_modules\\.sharp-S0DAOPKp',
42 silly reify   'C:\\Users\\SAM\\OneDrive\\Documents\\Desktop\\DishDash-Food-App-Management-System\\frontend\\node_modules\\recharts': 'C:\\Users\\SAM\\OneDrive\\Documents\\Desktop\\DishDash-Food-App-Management-System\\frontend\\node_modules\\.recharts-C8qKXXcG',
42 silly reify   'C:\\Users\\SAM\\OneDrive\\Documents\\Desktop\\DishDash-Food-App-Management-System\\frontend\\node_modules\\@eslint\\eslintrc': 'C:\\Users\\SAM\\OneDrive\\Documents\\Desktop\\DishDash-Food-App-Management-System\\frontend\\node_modules\\@eslint\\.eslintrc-hEd5sOP2',
42 silly reify   'C:\\Users\\SAM\\OneDrive\\Documents\\Desktop\\DishDash-Food-App-Management-System\\frontend\\node_modules\\tinyglobby': 'C:\\Users\\SAM\\OneDrive\\Documents\\Desktop\\DishDash-Food-App-Management-System\\frontend\\node_modules\\.tinyglobby-5NrpeckS',
42 silly reify   'C:\\Users\\SAM\\OneDrive\\Documents\\Desktop\\DishDash-Food-App-Management-System\\frontend\\node_modules\\@jridgewell\\gen-mapping': 'C:\\Users\\SAM\\OneDrive\\Documents\\Desktop\\DishDash-Food-App-Management-System\\frontend\\node_modules\\@jridgewell\\.gen-mapping-iGNCbYYe',
42 silly reify   'C:\\Users\\SAM\\OneDrive\\Documents\\Desktop\\DishDash-Food-App-Management-System\\frontend\\node_modules\\victory-vendor': 'C:\\Users\\SAM\\OneDrive\\Documents\\Desktop\\DishDash-Food-App-Management-System\\frontend\\node_modules\\.victory-vendor-ExVJGaUW',
42 silly reify   'C:\\Users\\SAM\\OneDrive\\Documents\\Desktop\\DishDash-Food-App-Management-System\\frontend\\node_modules\\@tybys\\wasm-util': 'C:\\Users\\SAM\\OneDrive\\Documents\\Desktop\\DishDash-Food-App-Management-System\\frontend\\node_modules\\@tybys\\.wasm-util-czDaVmSC',
42 silly reify   'C:\\Users\\SAM\\OneDrive\\Documents\\Desktop\\DishDash-Food-App-Management-System\\frontend\\node_modules\\@eslint-community\\eslint-utils': 'C:\\Users\\SAM\\OneDrive\\Documents\\Desktop\\DishDash-Food-App-Management-System\\frontend\\node_modules\\@eslint-community\\.eslint-utils-lGXp2lNn',
42 silly reify   'C:\\Users\\SAM\\OneDrive\\Documents\\Desktop\\DishDash-Food-App-Management-System\\frontend\\node_modules\\@typescript-eslint\\utils': 'C:\\Users\\SAM\\OneDrive\\Documents\\Desktop\\DishDash-Food-App-Management-System\\frontend\\node_modules\\@typescript-eslint\\.utils-nOoEqzVs',
42 silly reify   'C:\\Users\\SAM\\OneDrive\\Documents\\Desktop\\DishDash-Food-App-Management-System\\frontend\\node_modules\\@typescript-eslint\\typescript-estree': 'C:\\Users\\SAM\\OneDrive\\Documents\\Desktop\\DishDash-Food-App-Management-System\\frontend\\node_modules\\@typescript-eslint\\.typescript-estree-w58YPPjl',
42 silly reify   'C:\\Users\\SAM\\OneDrive\\Documents\\Desktop\\DishDash-Food-App-Management-System\\frontend\\node_modules\\@reduxjs\\toolkit': 'C:\\Users\\SAM\\OneDrive\\Documents\\Desktop\\DishDash-Food-App-Management-System\\frontend\\node_modules\\@reduxjs\\.toolkit-MApENWnl',
42 silly reify   'C:\\Users\\SAM\\OneDrive\\Documents\\Desktop\\DishDash-Food-App-Management-System\\frontend\\node_modules\\resolve': 'C:\\Users\\SAM\\OneDrive\\Documents\\Desktop\\DishDash-Food-App-Management-System\\frontend\\node_modules\\.resolve-FfGtA3gT',
42 silly reify   'C:\\Users\\SAM\\OneDrive\\Documents\\Desktop\\DishDash-Food-App-Management-System\\frontend\\node_modules\\.bin\\resolve': 'C:\\Users\\SAM\\OneDrive\\Documents\\Desktop\\DishDash-Food-App-Management-System\\frontend\\node_modules\\.bin\\.resolve-fv7hCEUn',
42 silly reify   'C:\\Users\\SAM\\OneDrive\\Documents\\Desktop\\DishDash-Food-App-Management-System\\frontend\\node_modules\\.bin\\resolve.cmd': 'C:\\Users\\SAM\\OneDrive\\Documents\\Desktop\\DishDash-Food-App-Management-System\\frontend\\node_modules\\.bin\\.resolve.cmd-94WuUt7C',
42 silly reify   'C:\\Users\\SAM\\OneDrive\\Documents\\Desktop\\DishDash-Food-App-Management-System\\frontend\\node_modules\\.bin\\resolve.ps1': 'C:\\Users\\SAM\\OneDrive\\Documents\\Desktop\\DishDash-Food-App-Management-System\\frontend\\node_modules\\.bin\\.resolve.ps1-6MfGiQxt'
42 silly reify }
43 http cache zod@https://registry.npmjs.org/zod/-/zod-4.3.6.tgz 1ms (cache hit)
44 http cache yocto-queue@https://registry.npmjs.org/yocto-queue/-/yocto-queue-0.1.0.tgz 0ms (cache hit)
45 http cache zod-validation-error@https://registry.npmjs.org/zod-validation-error/-/zod-validation-error-4.0.2.tgz 0ms (cache hit)
46 http cache yallist@https://registry.npmjs.org/yallist/-/yallist-3.1.1.tgz 0ms (cache hit)
47 http cache word-wrap@https://registry.npmjs.org/word-wrap/-/word-wrap-1.2.5.tgz 0ms (cache hit)
48 http cache which-builtin-type@https://registry.npmjs.org/which-builtin-type/-/which-builtin-type-1.2.1.tgz 0ms (cache hit)
49 http cache which-boxed-primitive@https://registry.npmjs.org/which-boxed-primitive/-/which-boxed-primitive-1.1.1.tgz 0ms (cache hit)
50 http cache which-typed-array@https://registry.npmjs.org/which-typed-array/-/which-typed-array-1.1.20.tgz 0ms (cache hit)
51 http cache unbox-primitive@https://registry.npmjs.org/unbox-primitive/-/unbox-primitive-1.1.0.tgz 0ms (cache hit)
52 http cache which-collection@https://registry.npmjs.org/which-collection/-/which-collection-1.0.2.tgz 0ms (cache hit)
53 http cache undici-types@https://registry.npmjs.org/undici-types/-/undici-types-6.21.0.tgz 0ms (cache hit)
54 http cache which@https://registry.npmjs.org/which/-/which-2.0.2.tgz 0ms (cache hit)
55 http cache typescript-eslint@https://registry.npmjs.org/typescript-eslint/-/typescript-eslint-8.56.0.tgz 0ms (cache hit)
56 http cache update-browserslist-db@https://registry.npmjs.org/update-browserslist-db/-/update-browserslist-db-1.2.3.tgz 0ms (cache hit)
57 http cache unrs-resolver@https://registry.npmjs.org/unrs-resolver/-/unrs-resolver-1.11.1.tgz 0ms (cache hit)
58 http cache typed-array-byte-offset@https://registry.npmjs.org/typed-array-byte-offset/-/typed-array-byte-offset-1.0.4.tgz 0ms (cache hit)
59 http cache use-sync-external-store@https://registry.npmjs.org/use-sync-external-store/-/use-sync-external-store-1.6.0.tgz 0ms (cache hit)
60 http cache typed-array-byte-length@https://registry.npmjs.org/typed-array-byte-length/-/typed-array-byte-length-1.0.3.tgz 0ms (cache hit)
61 http cache typed-array-length@https://registry.npmjs.org/typed-array-length/-/typed-array-length-1.0.7.tgz 0ms (cache hit)
62 http cache uri-js@https://registry.npmjs.org/uri-js/-/uri-js-4.4.1.tgz 0ms (cache hit)
63 http cache typescript@https://registry.npmjs.org/typescript/-/typescript-5.9.3.tgz 0ms (cache hit)
64 http cache tapable@https://registry.npmjs.org/tapable/-/tapable-2.3.0.tgz 0ms (cache hit)
65 http cache tslib@https://registry.npmjs.org/tslib/-/tslib-2.8.1.tgz 0ms (cache hit)
66 http cache type-check@https://registry.npmjs.org/type-check/-/type-check-0.4.0.tgz 0ms (cache hit)
67 http cache to-regex-range@https://registry.npmjs.org/to-regex-range/-/to-regex-range-5.0.1.tgz 0ms (cache hit)
68 http cache supports-preserve-symlinks-flag@https://registry.npmjs.org/supports-preserve-symlinks-flag/-/supports-preserve-symlinks-flag-1.0.0.tgz 0ms (cache hit)
69 http cache typed-array-buffer@https://registry.npmjs.org/typed-array-buffer/-/typed-array-buffer-1.0.3.tgz 0ms (cache hit)
70 http cache tiny-invariant@https://registry.npmjs.org/tiny-invariant/-/tiny-invariant-1.3.3.tgz 0ms (cache hit)
71 http cache tailwindcss@https://registry.npmjs.org/tailwindcss/-/tailwindcss-4.2.0.tgz 0ms (cache hit)
72 http cache supports-color@https://registry.npmjs.org/supports-color/-/supports-color-7.2.0.tgz 0ms (cache hit)
73 http cache ts-api-utils@https://registry.npmjs.org/ts-api-utils/-/ts-api-utils-2.4.0.tgz 0ms (cache hit)
74 http cache strip-bom@https://registry.npmjs.org/strip-bom/-/strip-bom-3.0.0.tgz 0ms (cache hit)
75 http cache styled-jsx@https://registry.npmjs.org/styled-jsx/-/styled-jsx-5.1.6.tgz 0ms (cache hit)
76 http cache string.prototype.trimstart@https://registry.npmjs.org/string.prototype.trimstart/-/string.prototype.trimstart-1.0.8.tgz 0ms (cache hit)
77 http cache string.prototype.trim@https://registry.npmjs.org/string.prototype.trim/-/string.prototype.trim-1.2.10.tgz 0ms (cache hit)
78 http cache string.prototype.matchall@https://registry.npmjs.org/string.prototype.matchall/-/string.prototype.matchall-4.0.12.tgz 0ms (cache hit)
79 http cache string.prototype.trimend@https://registry.npmjs.org/string.prototype.trimend/-/string.prototype.trimend-1.0.9.tgz 0ms (cache hit)
80 http cache strip-json-comments@https://registry.npmjs.org/strip-json-comments/-/strip-json-comments-3.1.1.tgz 0ms (cache hit)
81 http cache string.prototype.includes@https://registry.npmjs.org/string.prototype.includes/-/string.prototype.includes-2.0.1.tgz 0ms (cache hit)
82 http cache source-map-js@https://registry.npmjs.org/source-map-js/-/source-map-js-1.2.1.tgz 0ms (cache hit)
83 http cache stable-hash@https://registry.npmjs.org/stable-hash/-/stable-hash-0.0.5.tgz 0ms (cache hit)
84 http cache string.prototype.repeat@https://registry.npmjs.org/string.prototype.repeat/-/string.prototype.repeat-1.0.0.tgz 0ms (cache hit)
85 http cache stop-iteration-iterator@https://registry.npmjs.org/stop-iteration-iterator/-/stop-iteration-iterator-1.1.0.tgz 0ms (cache hit)
86 http cache side-channel-map@https://registry.npmjs.org/side-channel-map/-/side-channel-map-1.0.1.tgz 0ms (cache hit)
87 http cache shebang-command@https://registry.npmjs.org/shebang-command/-/shebang-command-2.0.0.tgz 0ms (cache hit)
88 http cache side-channel-list@https://registry.npmjs.org/side-channel-list/-/side-channel-list-1.0.0.tgz 0ms (cache hit)
89 http cache shebang-regex@https://registry.npmjs.org/shebang-regex/-/shebang-regex-3.0.0.tgz 0ms (cache hit)
90 http cache set-proto@https://registry.npmjs.org/set-proto/-/set-proto-1.0.0.tgz 0ms (cache hit)
91 http cache side-channel@https://registry.npmjs.org/side-channel/-/side-channel-1.1.0.tgz 0ms (cache hit)
92 http cache side-channel-weakmap@https://registry.npmjs.org/side-channel-weakmap/-/side-channel-weakmap-1.0.2.tgz 0ms (cache hit)
93 http cache scheduler@https://registry.npmjs.org/scheduler/-/scheduler-0.27.0.tgz 0ms (cache hit)
94 http cache set-function-name@https://registry.npmjs.org/set-function-name/-/set-function-name-2.0.2.tgz 0ms (cache hit)
95 http cache set-function-length@https://registry.npmjs.org/set-function-length/-/set-function-length-1.2.2.tgz 0ms (cache hit)
96 http cache semver@https://registry.npmjs.org/semver/-/semver-6.3.1.tgz 0ms (cache hit)
97 http cache safe-push-apply@https://registry.npmjs.org/safe-push-apply/-/safe-push-apply-1.0.0.tgz 0ms (cache hit)
98 http cache safe-regex-test@https://registry.npmjs.org/safe-regex-test/-/safe-regex-test-1.1.0.tgz 0ms (cache hit)
99 http cache safe-array-concat@https://registry.npmjs.org/safe-array-concat/-/safe-array-concat-1.1.3.tgz 0ms (cache hit)
100 http cache resolve-pkg-maps@https://registry.npmjs.org/resolve-pkg-maps/-/resolve-pkg-maps-1.0.0.tgz 0ms (cache hit)
101 http cache reusify@https://registry.npmjs.org/reusify/-/reusify-1.1.0.tgz 0ms (cache hit)
102 http cache run-parallel@https://registry.npmjs.org/run-parallel/-/run-parallel-1.2.0.tgz 0ms (cache hit)
103 http cache regexp.prototype.flags@https://registry.npmjs.org/regexp.prototype.flags/-/regexp.prototype.flags-1.5.4.tgz 0ms (cache hit)
104 http cache resolve-from@https://registry.npmjs.org/resolve-from/-/resolve-from-4.0.0.tgz 0ms (cache hit)
105 http cache redux@https://registry.npmjs.org/redux/-/redux-5.0.1.tgz 0ms (cache hit)
106 http cache reselect@https://registry.npmjs.org/reselect/-/reselect-5.1.1.tgz 0ms (cache hit)
107 http cache react@https://registry.npmjs.org/react/-/react-19.2.3.tgz 0ms (cache hit)
108 http cache redux-thunk@https://registry.npmjs.org/redux-thunk/-/redux-thunk-3.1.0.tgz 0ms (cache hit)
109 http cache react-is@https://registry.npmjs.org/react-is/-/react-is-16.13.1.tgz 0ms (cache hit)
110 http cache react-hot-toast@https://registry.npmjs.org/react-hot-toast/-/react-hot-toast-2.6.0.tgz 0ms (cache hit)
111 http cache react-dom@https://registry.npmjs.org/react-dom/-/react-dom-19.2.3.tgz 0ms (cache hit)
112 http cache prop-types@https://registry.npmjs.org/prop-types/-/prop-types-15.8.1.tgz 0ms (cache hit)
113 http cache react-redux@https://registry.npmjs.org/react-redux/-/react-redux-9.2.0.tgz 0ms (cache hit)
114 http cache reflect.getprototypeof@https://registry.npmjs.org/reflect.getprototypeof/-/reflect.getprototypeof-1.0.10.tgz 0ms (cache hit)
115 http cache prelude-ls@https://registry.npmjs.org/prelude-ls/-/prelude-ls-1.2.1.tgz 0ms (cache hit)
116 http cache possible-typed-array-names@https://registry.npmjs.org/possible-typed-array-names/-/possible-typed-array-names-1.1.0.tgz 0ms (cache hit)
117 http cache path-parse@https://registry.npmjs.org/path-parse/-/path-parse-1.0.7.tgz 0ms (cache hit)
118 http cache queue-microtask@https://registry.npmjs.org/queue-microtask/-/queue-microtask-1.2.3.tgz 0ms (cache hit)
119 http cache punycode@https://registry.npmjs.org/punycode/-/punycode-2.3.1.tgz 0ms (cache hit)
120 http cache path-key@https://registry.npmjs.org/path-key/-/path-key-3.1.1.tgz 0ms (cache hit)
121 http cache postcss@https://registry.npmjs.org/postcss/-/postcss-8.5.6.tgz 0ms (cache hit)
122 http cache path-exists@https://registry.npmjs.org/path-exists/-/path-exists-4.0.0.tgz 0ms (cache hit)
123 http cache picomatch@https://registry.npmjs.org/picomatch/-/picomatch-2.3.1.tgz 0ms (cache hit)
124 http cache picocolors@https://registry.npmjs.org/picocolors/-/picocolors-1.1.1.tgz 0ms (cache hit)
125 http cache parent-module@https://registry.npmjs.org/parent-module/-/parent-module-1.0.1.tgz 0ms (cache hit)
126 http cache own-keys@https://registry.npmjs.org/own-keys/-/own-keys-1.0.1.tgz 0ms (cache hit)
127 http cache p-locate@https://registry.npmjs.org/p-locate/-/p-locate-5.0.0.tgz 0ms (cache hit)
128 http cache p-limit@https://registry.npmjs.org/p-limit/-/p-limit-3.1.0.tgz 0ms (cache hit)
129 http cache object.values@https://registry.npmjs.org/object.values/-/object.values-1.2.1.tgz 0ms (cache hit)
130 http cache optionator@https://registry.npmjs.org/optionator/-/optionator-0.9.4.tgz 0ms (cache hit)
131 http cache object.fromentries@https://registry.npmjs.org/object.fromentries/-/object.fromentries-2.0.8.tgz 0ms (cache hit)
132 http cache object.entries@https://registry.npmjs.org/object.entries/-/object.entries-1.1.9.tgz 0ms (cache hit)
133 http cache object-inspect@https://registry.npmjs.org/object-inspect/-/object-inspect-1.13.4.tgz 0ms (cache hit)
134 http cache object.groupby@https://registry.npmjs.org/object.groupby/-/object.groupby-1.0.3.tgz 0ms (cache hit)
135 http cache object-keys@https://registry.npmjs.org/object-keys/-/object-keys-1.1.1.tgz 0ms (cache hit)
136 http cache node-releases@https://registry.npmjs.org/node-releases/-/node-releases-2.0.27.tgz 0ms (cache hit)
137 http cache object-assign@https://registry.npmjs.org/object-assign/-/object-assign-4.1.1.tgz 0ms (cache hit)
138 http cache object.assign@https://registry.npmjs.org/object.assign/-/object.assign-4.1.7.tgz 0ms (cache hit)
139 http cache node-exports-info@https://registry.npmjs.org/node-exports-info/-/node-exports-info-1.6.0.tgz 0ms (cache hit)
140 http cache ms@https://registry.npmjs.org/ms/-/ms-2.1.3.tgz 0ms (cache hit)
141 http cache motion-dom@https://registry.npmjs.org/motion-dom/-/motion-dom-12.34.3.tgz 0ms (cache hit)
142 http cache minimist@https://registry.npmjs.org/minimist/-/minimist-1.2.8.tgz 0ms (cache hit)
143 http cache napi-postinstall@https://registry.npmjs.org/napi-postinstall/-/napi-postinstall-0.3.4.tgz 0ms (cache hit)
144 http cache natural-compare@https://registry.npmjs.org/natural-compare/-/natural-compare-1.4.0.tgz 0ms (cache hit)
145 http cache nanoid@https://registry.npmjs.org/nanoid/-/nanoid-3.3.11.tgz 0ms (cache hit)
146 http cache merge2@https://registry.npmjs.org/merge2/-/merge2-1.4.1.tgz 0ms (cache hit)
147 http cache magic-string@https://registry.npmjs.org/magic-string/-/magic-string-0.30.21.tgz 0ms (cache hit)
148 http cache minimatch@https://registry.npmjs.org/minimatch/-/minimatch-3.1.2.tgz 0ms (cache hit)
149 http cache math-intrinsics@https://registry.npmjs.org/math-intrinsics/-/math-intrinsics-1.1.0.tgz 0ms (cache hit)
150 http cache micromatch@https://registry.npmjs.org/micromatch/-/micromatch-4.0.8.tgz 0ms (cache hit)
151 http cache lucide-react@https://registry.npmjs.org/lucide-react/-/lucide-react-0.575.0.tgz 0ms (cache hit)
152 http cache loose-envify@https://registry.npmjs.org/loose-envify/-/loose-envify-1.4.0.tgz 0ms (cache hit)
153 http cache levn@https://registry.npmjs.org/levn/-/levn-0.4.1.tgz 0ms (cache hit)
154 http cache locate-path@https://registry.npmjs.org/locate-path/-/locate-path-6.0.0.tgz 0ms (cache hit)
155 http cache lightningcss@https://registry.npmjs.org/lightningcss/-/lightningcss-1.31.1.tgz 0ms (cache hit)
156 http cache lru-cache@https://registry.npmjs.org/lru-cache/-/lru-cache-5.1.1.tgz 0ms (cache hit)
157 http cache lodash.merge@https://registry.npmjs.org/lodash.merge/-/lodash.merge-4.6.2.tgz 0ms (cache hit)
158 http cache lightningcss-win32-x64-msvc@https://registry.npmjs.org/lightningcss-win32-x64-msvc/-/lightningcss-win32-x64-msvc-1.31.1.tgz 0ms (cache hit)
159 http cache language-subtag-registry@https://registry.npmjs.org/language-subtag-registry/-/language-subtag-registry-0.3.23.tgz 0ms (cache hit)
160 http cache language-tags@https://registry.npmjs.org/language-tags/-/language-tags-1.0.9.tgz 0ms (cache hit)
161 http cache keyv@https://registry.npmjs.org/keyv/-/keyv-4.5.4.tgz 0ms (cache hit)
162 http cache json-buffer@https://registry.npmjs.org/json-buffer/-/json-buffer-3.0.1.tgz 0ms (cache hit)
163 http cache jsx-ast-utils@https://registry.npmjs.org/jsx-ast-utils/-/jsx-ast-utils-3.3.5.tgz 0ms (cache hit)
164 http cache json-schema-traverse@https://registry.npmjs.org/json-schema-traverse/-/json-schema-traverse-0.4.1.tgz 0ms (cache hit)
165 http cache json5@https://registry.npmjs.org/json5/-/json5-2.2.3.tgz 0ms (cache hit)
166 http cache json-stable-stringify-without-jsonify@https://registry.npmjs.org/json-stable-stringify-without-jsonify/-/json-stable-stringify-without-jsonify-1.0.1.tgz 0ms (cache hit)
167 http cache isarray@https://registry.npmjs.org/isarray/-/isarray-2.0.5.tgz 0ms (cache hit)
168 http cache jiti@https://registry.npmjs.org/jiti/-/jiti-2.6.1.tgz 0ms (cache hit)
169 http cache js-yaml@https://registry.npmjs.org/js-yaml/-/js-yaml-4.1.1.tgz 0ms (cache hit)
170 http cache jsesc@https://registry.npmjs.org/jsesc/-/jsesc-3.1.0.tgz 0ms (cache hit)
171 http cache js-tokens@https://registry.npmjs.org/js-tokens/-/js-tokens-4.0.0.tgz 0ms (cache hit)
172 http cache iterator.prototype@https://registry.npmjs.org/iterator.prototype/-/iterator.prototype-1.1.5.tgz 0ms (cache hit)
173 http cache is-weakref@https://registry.npmjs.org/is-weakref/-/is-weakref-1.1.1.tgz 0ms (cache hit)
174 http cache is-weakmap@https://registry.npmjs.org/is-weakmap/-/is-weakmap-2.0.2.tgz 0ms (cache hit)
175 http cache is-typed-array@https://registry.npmjs.org/is-typed-array/-/is-typed-array-1.1.15.tgz 0ms (cache hit)
176 http cache isexe@https://registry.npmjs.org/isexe/-/isexe-2.0.0.tgz 0ms (cache hit)
177 http cache is-string@https://registry.npmjs.org/is-string/-/is-string-1.1.1.tgz 0ms (cache hit)
178 http cache is-set@https://registry.npmjs.org/is-set/-/is-set-2.0.3.tgz 0ms (cache hit)
179 http cache is-weakset@https://registry.npmjs.org/is-weakset/-/is-weakset-2.0.4.tgz 0ms (cache hit)
180 http cache is-shared-array-buffer@https://registry.npmjs.org/is-shared-array-buffer/-/is-shared-array-buffer-1.0.4.tgz 0ms (cache hit)
181 http cache is-symbol@https://registry.npmjs.org/is-symbol/-/is-symbol-1.1.1.tgz 0ms (cache hit)
182 http cache is-number@https://registry.npmjs.org/is-number/-/is-number-7.0.0.tgz 0ms (cache hit)
183 http cache is-number-object@https://registry.npmjs.org/is-number-object/-/is-number-object-1.1.1.tgz 0ms (cache hit)
184 http cache is-glob@https://registry.npmjs.org/is-glob/-/is-glob-4.0.3.tgz 0ms (cache hit)
185 http cache is-regex@https://registry.npmjs.org/is-regex/-/is-regex-1.2.1.tgz 0ms (cache hit)
186 http cache is-negative-zero@https://registry.npmjs.org/is-negative-zero/-/is-negative-zero-2.0.3.tgz 0ms (cache hit)
187 http cache is-data-view@https://registry.npmjs.org/is-data-view/-/is-data-view-1.0.2.tgz 0ms (cache hit)
188 http cache is-generator-function@https://registry.npmjs.org/is-generator-function/-/is-generator-function-1.1.2.tgz 0ms (cache hit)
189 http cache is-core-module@https://registry.npmjs.org/is-core-module/-/is-core-module-2.16.1.tgz 0ms (cache hit)
190 http cache is-extglob@https://registry.npmjs.org/is-extglob/-/is-extglob-2.1.1.tgz 0ms (cache hit)
191 http cache is-finalizationregistry@https://registry.npmjs.org/is-finalizationregistry/-/is-finalizationregistry-1.1.1.tgz 0ms (cache hit)
192 http cache is-map@https://registry.npmjs.org/is-map/-/is-map-2.0.3.tgz 0ms (cache hit)
193 http cache is-bigint@https://registry.npmjs.org/is-bigint/-/is-bigint-1.1.0.tgz 0ms (cache hit)
194 http cache is-bun-module@https://registry.npmjs.org/is-bun-module/-/is-bun-module-2.0.0.tgz 0ms (cache hit)
195 http cache internmap@https://registry.npmjs.org/internmap/-/internmap-2.0.3.tgz 0ms (cache hit)
196 http cache is-callable@https://registry.npmjs.org/is-callable/-/is-callable-1.2.7.tgz 0ms (cache hit)
197 http cache is-boolean-object@https://registry.npmjs.org/is-boolean-object/-/is-boolean-object-1.2.2.tgz 1ms (cache hit)
198 http cache is-async-function@https://registry.npmjs.org/is-async-function/-/is-async-function-2.1.1.tgz 0ms (cache hit)
199 http cache internal-slot@https://registry.npmjs.org/internal-slot/-/internal-slot-1.1.0.tgz 0ms (cache hit)
200 http cache is-date-object@https://registry.npmjs.org/is-date-object/-/is-date-object-1.1.0.tgz 0ms (cache hit)
201 http cache imurmurhash@https://registry.npmjs.org/imurmurhash/-/imurmurhash-0.1.4.tgz 0ms (cache hit)
202 http cache import-fresh@https://registry.npmjs.org/import-fresh/-/import-fresh-3.3.1.tgz 0ms (cache hit)
203 http cache is-array-buffer@https://registry.npmjs.org/is-array-buffer/-/is-array-buffer-3.0.5.tgz 0ms (cache hit)
204 http cache immer@https://registry.npmjs.org/immer/-/immer-10.2.0.tgz 0ms (cache hit)
205 http cache ignore@https://registry.npmjs.org/ignore/-/ignore-5.3.2.tgz 0ms (cache hit)
206 http cache has-tostringtag@https://registry.npmjs.org/has-tostringtag/-/has-tostringtag-1.0.2.tgz 0ms (cache hit)
207 http cache has-symbols@https://registry.npmjs.org/has-symbols/-/has-symbols-1.1.0.tgz 0ms (cache hit)
208 http cache hasown@https://registry.npmjs.org/hasown/-/hasown-2.0.2.tgz 0ms (cache hit)
209 http cache gopd@https://registry.npmjs.org/gopd/-/gopd-1.2.0.tgz 0ms (cache hit)
210 http cache hermes-estree@https://registry.npmjs.org/hermes-estree/-/hermes-estree-0.25.1.tgz 0ms (cache hit)
211 http cache has-proto@https://registry.npmjs.org/has-proto/-/has-proto-1.2.0.tgz 0ms (cache hit)
212 http cache has-bigints@https://registry.npmjs.org/has-bigints/-/has-bigints-1.1.0.tgz 0ms (cache hit)
213 http cache has-flag@https://registry.npmjs.org/has-flag/-/has-flag-4.0.0.tgz 0ms (cache hit)
214 http cache has-property-descriptors@https://registry.npmjs.org/has-property-descriptors/-/has-property-descriptors-1.0.2.tgz 0ms (cache hit)
215 http cache glob-parent@https://registry.npmjs.org/glob-parent/-/glob-parent-6.0.2.tgz 0ms (cache hit)
216 http cache get-tsconfig@https://registry.npmjs.org/get-tsconfig/-/get-tsconfig-4.13.6.tgz 0ms (cache hit)
217 http cache globalthis@https://registry.npmjs.org/globalthis/-/globalthis-1.0.4.tgz 0ms (cache hit)
218 http cache graceful-fs@https://registry.npmjs.org/graceful-fs/-/graceful-fs-4.2.11.tgz 0ms (cache hit)
219 http cache globals@https://registry.npmjs.org/globals/-/globals-14.0.0.tgz 0ms (cache hit)
220 http cache get-symbol-description@https://registry.npmjs.org/get-symbol-description/-/get-symbol-description-1.1.0.tgz 0ms (cache hit)
221 http cache get-proto@https://registry.npmjs.org/get-proto/-/get-proto-1.0.1.tgz 0ms (cache hit)
222 http cache function.prototype.name@https://registry.npmjs.org/function.prototype.name/-/function.prototype.name-1.1.8.tgz 0ms (cache hit)
223 http cache functions-have-names@https://registry.npmjs.org/functions-have-names/-/functions-have-names-1.2.3.tgz 0ms (cache hit)
224 http cache gensync@https://registry.npmjs.org/gensync/-/gensync-1.0.0-beta.2.tgz 0ms (cache hit)
225 http cache generator-function@https://registry.npmjs.org/generator-function/-/generator-function-2.0.1.tgz 0ms (cache hit)
226 http cache get-intrinsic@https://registry.npmjs.org/get-intrinsic/-/get-intrinsic-1.3.0.tgz 0ms (cache hit)
227 http cache fastq@https://registry.npmjs.org/fastq/-/fastq-1.20.1.tgz 0ms (cache hit)
228 http cache find-up@https://registry.npmjs.org/find-up/-/find-up-5.0.0.tgz 0ms (cache hit)
229 http cache function-bind@https://registry.npmjs.org/function-bind/-/function-bind-1.1.2.tgz 0ms (cache hit)
230 http cache flat-cache@https://registry.npmjs.org/flat-cache/-/flat-cache-4.0.1.tgz 0ms (cache hit)
231 http cache file-entry-cache@https://registry.npmjs.org/file-entry-cache/-/file-entry-cache-8.0.0.tgz 0ms (cache hit)
232 http cache for-each@https://registry.npmjs.org/for-each/-/for-each-0.3.5.tgz 0ms (cache hit)
233 http cache fill-range@https://registry.npmjs.org/fill-range/-/fill-range-7.1.1.tgz 0ms (cache hit)
234 http cache flatted@https://registry.npmjs.org/flatted/-/flatted-3.3.3.tgz 0ms (cache hit)
235 http cache fast-levenshtein@https://registry.npmjs.org/fast-levenshtein/-/fast-levenshtein-2.0.6.tgz 0ms (cache hit)
236 http cache fast-json-stable-stringify@https://registry.npmjs.org/fast-json-stable-stringify/-/fast-json-stable-stringify-2.1.0.tgz 0ms (cache hit)
237 http cache fast-glob@https://registry.npmjs.org/fast-glob/-/fast-glob-3.3.1.tgz 0ms (cache hit)
238 http cache eventemitter3@https://registry.npmjs.org/eventemitter3/-/eventemitter3-5.0.4.tgz 0ms (cache hit)
239 http cache esquery@https://registry.npmjs.org/esquery/-/esquery-1.7.0.tgz 0ms (cache hit)
240 http cache fast-deep-equal@https://registry.npmjs.org/fast-deep-equal/-/fast-deep-equal-3.1.3.tgz 0ms (cache hit)
241 http cache estraverse@https://registry.npmjs.org/estraverse/-/estraverse-5.3.0.tgz 0ms (cache hit)
242 http cache esrecurse@https://registry.npmjs.org/esrecurse/-/esrecurse-4.3.0.tgz 0ms (cache hit)
243 http cache esutils@https://registry.npmjs.org/esutils/-/esutils-2.0.3.tgz 0ms (cache hit)
244 http cache eslint-module-utils@https://registry.npmjs.org/eslint-module-utils/-/eslint-module-utils-2.12.1.tgz 0ms (cache hit)
245 http cache eslint-scope@https://registry.npmjs.org/eslint-scope/-/eslint-scope-8.4.0.tgz 0ms (cache hit)
246 http cache espree@https://registry.npmjs.org/espree/-/espree-10.4.0.tgz 0ms (cache hit)
247 http cache eslint-config-next@https://registry.npmjs.org/eslint-config-next/-/eslint-config-next-16.1.6.tgz 0ms (cache hit)
248 http cache eslint-visitor-keys@https://registry.npmjs.org/eslint-visitor-keys/-/eslint-visitor-keys-4.2.1.tgz 0ms (cache hit)
249 http cache eslint-import-resolver-typescript@https://registry.npmjs.org/eslint-import-resolver-typescript/-/eslint-import-resolver-typescript-3.10.1.tgz 0ms (cache hit)
250 http cache es-to-primitive@https://registry.npmjs.org/es-to-primitive/-/es-to-primitive-1.3.0.tgz 0ms (cache hit)
251 http cache escape-string-regexp@https://registry.npmjs.org/escape-string-regexp/-/escape-string-regexp-4.0.0.tgz 0ms (cache hit)
252 http cache escalade@https://registry.npmjs.org/escalade/-/escalade-3.2.0.tgz 0ms (cache hit)
253 http cache es-shim-unscopables@https://registry.npmjs.org/es-shim-unscopables/-/es-shim-unscopables-1.1.0.tgz 0ms (cache hit)
254 http cache eslint-plugin-react-hooks@https://registry.npmjs.org/eslint-plugin-react-hooks/-/eslint-plugin-react-hooks-7.0.1.tgz 1ms (cache hit)
255 http cache es-set-tostringtag@https://registry.npmjs.org/es-set-tostringtag/-/es-set-tostringtag-2.1.0.tgz 0ms (cache hit)
256 http cache es-object-atoms@https://registry.npmjs.org/es-object-atoms/-/es-object-atoms-1.1.1.tgz 0ms (cache hit)
257 http cache es-toolkit@https://registry.npmjs.org/es-toolkit/-/es-toolkit-1.44.0.tgz 0ms (cache hit)
258 http cache es-define-property@https://registry.npmjs.org/es-define-property/-/es-define-property-1.0.1.tgz 0ms (cache hit)
259 http cache electron-to-chromium@https://registry.npmjs.org/electron-to-chromium/-/electron-to-chromium-1.5.286.tgz 0ms (cache hit)
260 http cache dunder-proto@https://registry.npmjs.org/dunder-proto/-/dunder-proto-1.0.1.tgz 0ms (cache hit)
261 http cache es-errors@https://registry.npmjs.org/es-errors/-/es-errors-1.3.0.tgz 0ms (cache hit)
262 http cache define-properties@https://registry.npmjs.org/define-properties/-/define-properties-1.2.1.tgz 0ms (cache hit)
263 http cache detect-libc@https://registry.npmjs.org/detect-libc/-/detect-libc-2.1.2.tgz 0ms (cache hit)
264 http cache emoji-regex@https://registry.npmjs.org/emoji-regex/-/emoji-regex-9.2.2.tgz 0ms (cache hit)
265 http cache define-data-property@https://registry.npmjs.org/define-data-property/-/define-data-property-1.1.4.tgz 0ms (cache hit)
266 http cache doctrine@https://registry.npmjs.org/doctrine/-/doctrine-2.1.0.tgz 0ms (cache hit)
267 http cache data-view-byte-offset@https://registry.npmjs.org/data-view-byte-offset/-/data-view-byte-offset-1.0.1.tgz 0ms (cache hit)
268 http cache debug@https://registry.npmjs.org/debug/-/debug-4.4.3.tgz 0ms (cache hit)
269 http cache data-view-byte-length@https://registry.npmjs.org/data-view-byte-length/-/data-view-byte-length-1.0.2.tgz 0ms (cache hit)
270 http cache d3-time-format@https://registry.npmjs.org/d3-time-format/-/d3-time-format-4.1.0.tgz 0ms (cache hit)
271 http cache deep-is@https://registry.npmjs.org/deep-is/-/deep-is-0.1.4.tgz 0ms (cache hit)
272 http cache data-view-buffer@https://registry.npmjs.org/data-view-buffer/-/data-view-buffer-1.0.2.tgz 0ms (cache hit)
273 http cache d3-interpolate@https://registry.npmjs.org/d3-interpolate/-/d3-interpolate-3.0.1.tgz 0ms (cache hit)
274 http cache decimal.js-light@https://registry.npmjs.org/decimal.js-light/-/decimal.js-light-2.5.1.tgz 0ms (cache hit)
275 http cache d3-shape@https://registry.npmjs.org/d3-shape/-/d3-shape-3.2.0.tgz 0ms (cache hit)
276 http cache d3-scale@https://registry.npmjs.org/d3-scale/-/d3-scale-4.0.2.tgz 0ms (cache hit)
277 http cache d3-path@https://registry.npmjs.org/d3-path/-/d3-path-3.1.0.tgz 0ms (cache hit)
278 http cache d3-timer@https://registry.npmjs.org/d3-timer/-/d3-timer-3.0.1.tgz 0ms (cache hit)
279 http cache d3-ease@https://registry.npmjs.org/d3-ease/-/d3-ease-3.0.1.tgz 0ms (cache hit)
280 http cache d3-color@https://registry.npmjs.org/d3-color/-/d3-color-3.1.0.tgz 0ms (cache hit)
281 http cache d3-time@https://registry.npmjs.org/d3-time/-/d3-time-3.1.0.tgz 0ms (cache hit)
282 http cache csstype@https://registry.npmjs.org/csstype/-/csstype-3.2.3.tgz 0ms (cache hit)
283 http cache damerau-levenshtein@https://registry.npmjs.org/damerau-levenshtein/-/damerau-levenshtein-1.0.8.tgz 0ms (cache hit)
284 http cache clsx@https://registry.npmjs.org/clsx/-/clsx-2.1.1.tgz 1ms (cache hit)
285 http cache d3-format@https://registry.npmjs.org/d3-format/-/d3-format-3.1.2.tgz 0ms (cache hit)
286 http cache concat-map@https://registry.npmjs.org/concat-map/-/concat-map-0.0.1.tgz 0ms (cache hit)
287 http cache color-name@https://registry.npmjs.org/color-name/-/color-name-1.1.4.tgz 0ms (cache hit)
288 http cache cross-spawn@https://registry.npmjs.org/cross-spawn/-/cross-spawn-7.0.6.tgz 0ms (cache hit)
289 http cache convert-source-map@https://registry.npmjs.org/convert-source-map/-/convert-source-map-2.0.0.tgz 0ms (cache hit)
290 http cache color-convert@https://registry.npmjs.org/color-convert/-/color-convert-2.0.1.tgz 0ms (cache hit)
291 http cache callsites@https://registry.npmjs.org/callsites/-/callsites-3.1.0.tgz 0ms (cache hit)
292 http cache call-bound@https://registry.npmjs.org/call-bound/-/call-bound-1.0.4.tgz 0ms (cache hit)
293 http cache client-only@https://registry.npmjs.org/client-only/-/client-only-0.0.1.tgz 0ms (cache hit)
294 http cache chalk@https://registry.npmjs.org/chalk/-/chalk-4.1.2.tgz 0ms (cache hit)
295 http cache balanced-match@https://registry.npmjs.org/balanced-match/-/balanced-match-1.0.2.tgz 0ms (cache hit)
296 http cache call-bind-apply-helpers@https://registry.npmjs.org/call-bind-apply-helpers/-/call-bind-apply-helpers-1.0.2.tgz 0ms (cache hit)
297 http cache baseline-browser-mapping@https://registry.npmjs.org/baseline-browser-mapping/-/baseline-browser-mapping-2.10.0.tgz 0ms (cache hit)
298 http cache call-bind@https://registry.npmjs.org/call-bind/-/call-bind-1.0.8.tgz 0ms (cache hit)
299 http cache browserslist@https://registry.npmjs.org/browserslist/-/browserslist-4.28.1.tgz 0ms (cache hit)
300 http cache brace-expansion@https://registry.npmjs.org/brace-expansion/-/brace-expansion-1.1.12.tgz 0ms (cache hit)
301 http cache axobject-query@https://registry.npmjs.org/axobject-query/-/axobject-query-4.1.0.tgz 0ms (cache hit)
302 http cache braces@https://registry.npmjs.org/braces/-/braces-3.0.3.tgz 0ms (cache hit)
303 http cache async-function@https://registry.npmjs.org/async-function/-/async-function-1.0.0.tgz 0ms (cache hit)
304 http cache ast-types-flow@https://registry.npmjs.org/ast-types-flow/-/ast-types-flow-0.0.8.tgz 0ms (cache hit)
305 http cache axe-core@https://registry.npmjs.org/axe-core/-/axe-core-4.11.1.tgz 0ms (cache hit)
306 http cache available-typed-arrays@https://registry.npmjs.org/available-typed-arrays/-/available-typed-arrays-1.0.7.tgz 0ms (cache hit)
307 http cache array.prototype.tosorted@https://registry.npmjs.org/array.prototype.tosorted/-/array.prototype.tosorted-1.1.4.tgz 0ms (cache hit)
308 http cache array-includes@https://registry.npmjs.org/array-includes/-/array-includes-3.1.9.tgz 0ms (cache hit)
309 http cache arraybuffer.prototype.slice@https://registry.npmjs.org/arraybuffer.prototype.slice/-/arraybuffer.prototype.slice-1.0.4.tgz 0ms (cache hit)
310 http cache array.prototype.flatmap@https://registry.npmjs.org/array.prototype.flatmap/-/array.prototype.flatmap-1.3.3.tgz 0ms (cache hit)
311 http cache array.prototype.flat@https://registry.npmjs.org/array.prototype.flat/-/array.prototype.flat-1.3.3.tgz 0ms (cache hit)
312 http cache aria-query@https://registry.npmjs.org/aria-query/-/aria-query-5.3.2.tgz 0ms (cache hit)
313 http cache array.prototype.findlastindex@https://registry.npmjs.org/array.prototype.findlastindex/-/array.prototype.findlastindex-1.2.6.tgz 0ms (cache hit)
314 http cache acorn-jsx@https://registry.npmjs.org/acorn-jsx/-/acorn-jsx-5.3.2.tgz 0ms (cache hit)
315 http cache array.prototype.findlast@https://registry.npmjs.org/array.prototype.findlast/-/array.prototype.findlast-1.2.5.tgz 0ms (cache hit)
316 http cache @typescript-eslint/tsconfig-utils@https://registry.npmjs.org/@typescript-eslint/tsconfig-utils/-/tsconfig-utils-8.56.0.tgz 0ms (cache hit)
317 http cache @typescript-eslint/types@https://registry.npmjs.org/@typescript-eslint/types/-/types-8.56.0.tgz 0ms (cache hit)
318 http cache argparse@https://registry.npmjs.org/argparse/-/argparse-2.0.1.tgz 0ms (cache hit)
319 http cache array-buffer-byte-length@https://registry.npmjs.org/array-buffer-byte-length/-/array-buffer-byte-length-1.0.2.tgz 0ms (cache hit)
320 http cache @unrs/resolver-binding-win32-x64-msvc@https://registry.npmjs.org/@unrs/resolver-binding-win32-x64-msvc/-/resolver-binding-win32-x64-msvc-1.11.1.tgz 0ms (cache hit)
321 http cache acorn@https://registry.npmjs.org/acorn/-/acorn-8.16.0.tgz 0ms (cache hit)
322 http cache @typescript-eslint/type-utils@https://registry.npmjs.org/@typescript-eslint/type-utils/-/type-utils-8.56.0.tgz 0ms (cache hit)
323 http cache ansi-styles@https://registry.npmjs.org/ansi-styles/-/ansi-styles-4.3.0.tgz 0ms (cache hit)
324 http cache @typescript-eslint/parser@https://registry.npmjs.org/@typescript-eslint/parser/-/parser-8.56.0.tgz 0ms (cache hit)
325 http cache @types/use-sync-external-store@https://registry.npmjs.org/@types/use-sync-external-store/-/use-sync-external-store-0.0.6.tgz 0ms (cache hit)
326 http cache @typescript-eslint/visitor-keys@https://registry.npmjs.org/@typescript-eslint/visitor-keys/-/visitor-keys-8.56.0.tgz 0ms (cache hit)
327 http cache @types/react-dom@https://registry.npmjs.org/@types/react-dom/-/react-dom-19.2.3.tgz 0ms (cache hit)
328 http cache @types/json5@https://registry.npmjs.org/@types/json5/-/json5-0.0.29.tgz 0ms (cache hit)
329 http cache @typescript-eslint/scope-manager@https://registry.npmjs.org/@typescript-eslint/scope-manager/-/scope-manager-8.56.0.tgz 0ms (cache hit)
330 http cache @typescript-eslint/project-service@https://registry.npmjs.org/@typescript-eslint/project-service/-/project-service-8.56.0.tgz 0ms (cache hit)
331 http cache @types/d3-timer@https://registry.npmjs.org/@types/d3-timer/-/d3-timer-3.0.2.tgz 0ms (cache hit)
332 http cache @types/estree@https://registry.npmjs.org/@types/estree/-/estree-1.0.8.tgz 0ms (cache hit)
333 http cache @types/react@https://registry.npmjs.org/@types/react/-/react-19.2.14.tgz 0ms (cache hit)
334 http cache @types/json-schema@https://registry.npmjs.org/@types/json-schema/-/json-schema-7.0.15.tgz 0ms (cache hit)
335 http cache @typescript-eslint/eslint-plugin@https://registry.npmjs.org/@typescript-eslint/eslint-plugin/-/eslint-plugin-8.56.0.tgz 0ms (cache hit)
336 http cache @types/d3-interpolate@https://registry.npmjs.org/@types/d3-interpolate/-/d3-interpolate-3.0.4.tgz 0ms (cache hit)
337 http cache @types/d3-shape@https://registry.npmjs.org/@types/d3-shape/-/d3-shape-3.1.8.tgz 0ms (cache hit)
338 http cache @types/node@https://registry.npmjs.org/@types/node/-/node-20.19.33.tgz 0ms (cache hit)
339 http cache @types/d3-scale@https://registry.npmjs.org/@types/d3-scale/-/d3-scale-4.0.9.tgz 0ms (cache hit)
340 http cache @types/d3-ease@https://registry.npmjs.org/@types/d3-ease/-/d3-ease-3.0.2.tgz 0ms (cache hit)
341 http cache @types/d3-time@https://registry.npmjs.org/@types/d3-time/-/d3-time-3.0.4.tgz 0ms (cache hit)
342 http cache @types/d3-color@https://registry.npmjs.org/@types/d3-color/-/d3-color-3.1.3.tgz 0ms (cache hit)
343 http cache @types/d3-path@https://registry.npmjs.org/@types/d3-path/-/d3-path-3.1.1.tgz 0ms (cache hit)
344 http cache @swc/helpers@https://registry.npmjs.org/@swc/helpers/-/helpers-0.5.15.tgz 0ms (cache hit)
345 http cache @tailwindcss/oxide@https://registry.npmjs.org/@tailwindcss/oxide/-/oxide-4.2.0.tgz 0ms (cache hit)
346 http cache @types/d3-array@https://registry.npmjs.org/@types/d3-array/-/d3-array-3.2.2.tgz 0ms (cache hit)
347 http cache @tailwindcss/oxide-win32-x64-msvc@https://registry.npmjs.org/@tailwindcss/oxide-win32-x64-msvc/-/oxide-win32-x64-msvc-4.2.0.tgz 0ms (cache hit)
348 http cache @tailwindcss/postcss@https://registry.npmjs.org/@tailwindcss/postcss/-/postcss-4.2.0.tgz 0ms (cache hit)
349 http cache @tailwindcss/node@https://registry.npmjs.org/@tailwindcss/node/-/node-4.2.0.tgz 0ms (cache hit)
350 http cache @standard-schema/spec@https://registry.npmjs.org/@standard-schema/spec/-/spec-1.1.0.tgz 0ms (cache hit)
351 http cache @standard-schema/utils@https://registry.npmjs.org/@standard-schema/utils/-/utils-0.3.0.tgz 0ms (cache hit)
352 http cache @rtsao/scc@https://registry.npmjs.org/@rtsao/scc/-/scc-1.1.0.tgz 0ms (cache hit)
353 http cache @nodelib/fs.walk@https://registry.npmjs.org/@nodelib/fs.walk/-/fs.walk-1.2.8.tgz 0ms (cache hit)
354 http cache @nolyfill/is-core-module@https://registry.npmjs.org/@nolyfill/is-core-module/-/is-core-module-1.0.39.tgz 0ms (cache hit)
355 http cache @next/eslint-plugin-next@https://registry.npmjs.org/@next/eslint-plugin-next/-/eslint-plugin-next-16.1.6.tgz 0ms (cache hit)
356 http cache @next/swc-win32-x64-msvc@https://registry.npmjs.org/@next/swc-win32-x64-msvc/-/swc-win32-x64-msvc-16.1.6.tgz 0ms (cache hit)
357 http cache @nodelib/fs.scandir@https://registry.npmjs.org/@nodelib/fs.scandir/-/fs.scandir-2.1.5.tgz 0ms (cache hit)
358 http cache @jridgewell/remapping@https://registry.npmjs.org/@jridgewell/remapping/-/remapping-2.3.5.tgz 0ms (cache hit)
359 http cache @nodelib/fs.stat@https://registry.npmjs.org/@nodelib/fs.stat/-/fs.stat-2.0.5.tgz 0ms (cache hit)
360 http cache @jridgewell/resolve-uri@https://registry.npmjs.org/@jridgewell/resolve-uri/-/resolve-uri-3.1.2.tgz 0ms (cache hit)
361 http cache @next/env@https://registry.npmjs.org/@next/env/-/env-16.1.6.tgz 0ms (cache hit)
362 http cache @napi-rs/wasm-runtime@https://registry.npmjs.org/@napi-rs/wasm-runtime/-/wasm-runtime-0.2.12.tgz 0ms (cache hit)
363 http cache @jridgewell/sourcemap-codec@https://registry.npmjs.org/@jridgewell/sourcemap-codec/-/sourcemap-codec-1.5.5.tgz 0ms (cache hit)
364 http cache @jridgewell/trace-mapping@https://registry.npmjs.org/@jridgewell/trace-mapping/-/trace-mapping-0.3.31.tgz 0ms (cache hit)
365 http cache @img/colour@https://registry.npmjs.org/@img/colour/-/colour-1.0.0.tgz 0ms (cache hit)
366 http cache @eslint/object-schema@https://registry.npmjs.org/@eslint/object-schema/-/object-schema-2.1.7.tgz 0ms (cache hit)
367 http cache @humanfs/core@https://registry.npmjs.org/@humanfs/core/-/core-0.19.1.tgz 0ms (cache hit)
368 http cache @humanwhocodes/retry@https://registry.npmjs.org/@humanwhocodes/retry/-/retry-0.4.3.tgz 0ms (cache hit)
369 http cache @eslint/plugin-kit@https://registry.npmjs.org/@eslint/plugin-kit/-/plugin-kit-0.4.1.tgz 0ms (cache hit)
370 http cache @eslint/config-helpers@https://registry.npmjs.org/@eslint/config-helpers/-/config-helpers-0.4.2.tgz 0ms (cache hit)
371 http cache @humanfs/node@https://registry.npmjs.org/@humanfs/node/-/node-0.16.7.tgz 0ms (cache hit)
372 http cache @emnapi/wasi-threads@https://registry.npmjs.org/@emnapi/wasi-threads/-/wasi-threads-1.1.0.tgz 0ms (cache hit)
373 http cache @eslint/config-array@https://registry.npmjs.org/@eslint/config-array/-/config-array-0.21.1.tgz 0ms (cache hit)
374 http cache @img/sharp-win32-x64@https://registry.npmjs.org/@img/sharp-win32-x64/-/sharp-win32-x64-0.34.5.tgz 0ms (cache hit)
375 http cache @eslint-community/regexpp@https://registry.npmjs.org/@eslint-community/regexpp/-/regexpp-4.12.2.tgz 0ms (cache hit)
376 http cache @babel/types@https://registry.npmjs.org/@babel/types/-/types-7.29.0.tgz 0ms (cache hit)
377 http cache @eslint/core@https://registry.npmjs.org/@eslint/core/-/core-0.17.0.tgz 0ms (cache hit)
378 http cache @babel/traverse@https://registry.npmjs.org/@babel/traverse/-/traverse-7.29.0.tgz 0ms (cache hit)
379 http cache @emnapi/core@https://registry.npmjs.org/@emnapi/core/-/core-1.8.1.tgz 0ms (cache hit)
380 http cache @humanwhocodes/module-importer@https://registry.npmjs.org/@humanwhocodes/module-importer/-/module-importer-1.0.1.tgz 0ms (cache hit)
381 http cache @emnapi/runtime@https://registry.npmjs.org/@emnapi/runtime/-/runtime-1.8.1.tgz 0ms (cache hit)
382 http cache @eslint/js@https://registry.npmjs.org/@eslint/js/-/js-9.39.2.tgz 0ms (cache hit)
383 http cache @babel/helper-string-parser@https://registry.npmjs.org/@babel/helper-string-parser/-/helper-string-parser-7.27.1.tgz 0ms (cache hit)
384 http cache @babel/template@https://registry.npmjs.org/@babel/template/-/template-7.28.6.tgz 0ms (cache hit)
385 http cache @babel/parser@https://registry.npmjs.org/@babel/parser/-/parser-7.29.0.tgz 0ms (cache hit)
386 http cache @babel/helper-validator-option@https://registry.npmjs.org/@babel/helper-validator-option/-/helper-validator-option-7.27.1.tgz 0ms (cache hit)
387 http cache @babel/helper-globals@https://registry.npmjs.org/@babel/helper-globals/-/helper-globals-7.28.0.tgz 0ms (cache hit)
388 http cache resolve@https://registry.npmjs.org/resolve/-/resolve-1.22.11.tgz 0ms (cache hit)
389 http cache @babel/helper-validator-identifier@https://registry.npmjs.org/@babel/helper-validator-identifier/-/helper-validator-identifier-7.28.5.tgz 0ms (cache hit)
390 http cache @babel/helpers@https://registry.npmjs.org/@babel/helpers/-/helpers-7.28.6.tgz 0ms (cache hit)
391 http cache @babel/core@https://registry.npmjs.org/@babel/core/-/core-7.29.0.tgz 0ms (cache hit)
392 http cache @typescript-eslint/typescript-estree@https://registry.npmjs.org/@typescript-eslint/typescript-estree/-/typescript-estree-8.56.0.tgz 0ms (cache hit)
393 http cache @babel/helper-module-transforms@https://registry.npmjs.org/@babel/helper-module-transforms/-/helper-module-transforms-7.28.6.tgz 0ms (cache hit)
394 http cache @alloc/quick-lru@https://registry.npmjs.org/@alloc/quick-lru/-/quick-lru-5.2.0.tgz 0ms (cache hit)
395 http cache @babel/code-frame@https://registry.npmjs.org/@babel/code-frame/-/code-frame-7.29.0.tgz 0ms (cache hit)
396 http cache @babel/helper-compilation-targets@https://registry.npmjs.org/@babel/helper-compilation-targets/-/helper-compilation-targets-7.28.6.tgz 0ms (cache hit)
397 http cache @tybys/wasm-util@https://registry.npmjs.org/@tybys/wasm-util/-/wasm-util-0.10.1.tgz 0ms (cache hit)
398 http cache @babel/generator@https://registry.npmjs.org/@babel/generator/-/generator-7.29.1.tgz 0ms (cache hit)
399 http cache @typescript-eslint/utils@https://registry.npmjs.org/@typescript-eslint/utils/-/utils-8.56.0.tgz 0ms (cache hit)
400 http cache @jridgewell/gen-mapping@https://registry.npmjs.org/@jridgewell/gen-mapping/-/gen-mapping-0.3.13.tgz 0ms (cache hit)
401 http cache @reduxjs/toolkit@https://registry.npmjs.org/@reduxjs/toolkit/-/toolkit-2.11.2.tgz 0ms (cache hit)
402 http cache @eslint/eslintrc@https://registry.npmjs.org/@eslint/eslintrc/-/eslintrc-3.3.3.tgz 0ms (cache hit)
403 http cache victory-vendor@https://registry.npmjs.org/victory-vendor/-/victory-vendor-37.3.6.tgz 0ms (cache hit)
404 http cache tinyglobby@https://registry.npmjs.org/tinyglobby/-/tinyglobby-0.2.15.tgz 0ms (cache hit)
405 http cache recharts@https://registry.npmjs.org/recharts/-/recharts-3.7.0.tgz 0ms (cache hit)
406 http cache hermes-parser@https://registry.npmjs.org/hermes-parser/-/hermes-parser-0.25.1.tgz 0ms (cache hit)
407 http cache @eslint-community/eslint-utils@https://registry.npmjs.org/@eslint-community/eslint-utils/-/eslint-utils-4.9.1.tgz 0ms (cache hit)
408 http cache eslint-plugin-react@https://registry.npmjs.org/eslint-plugin-react/-/eslint-plugin-react-7.37.5.tgz 0ms (cache hit)
409 http cache next@https://registry.npmjs.org/next/-/next-16.1.6.tgz 0ms (cache hit)
410 http cache sharp@https://registry.npmjs.org/sharp/-/sharp-0.34.5.tgz 0ms (cache hit)
411 http cache goober@https://registry.npmjs.org/goober/-/goober-2.1.18.tgz 0ms (cache hit)
412 http cache motion-utils@https://registry.npmjs.org/motion-utils/-/motion-utils-12.29.2.tgz 0ms (cache hit)
413 http cache eslint-plugin-jsx-a11y@https://registry.npmjs.org/eslint-plugin-jsx-a11y/-/eslint-plugin-jsx-a11y-6.10.2.tgz 0ms (cache hit)
414 http cache eslint@https://registry.npmjs.org/eslint/-/eslint-9.39.2.tgz 0ms (cache hit)
415 http cache eslint-import-resolver-node@https://registry.npmjs.org/eslint-import-resolver-node/-/eslint-import-resolver-node-0.3.9.tgz 0ms (cache hit)
416 http cache tsconfig-paths@https://registry.npmjs.org/tsconfig-paths/-/tsconfig-paths-3.15.0.tgz 1ms (cache hit)
417 http cache eslint-plugin-import@https://registry.npmjs.org/eslint-plugin-import/-/eslint-plugin-import-2.32.0.tgz 0ms (cache hit)
418 http cache d3-array@https://registry.npmjs.org/d3-array/-/d3-array-3.2.4.tgz 0ms (cache hit)
419 http cache es-abstract@https://registry.npmjs.org/es-abstract/-/es-abstract-1.24.1.tgz 0ms (cache hit)
420 http cache enhanced-resolve@https://registry.npmjs.org/enhanced-resolve/-/enhanced-resolve-5.19.0.tgz 0ms (cache hit)
421 http cache caniuse-lite@https://registry.npmjs.org/caniuse-lite/-/caniuse-lite-1.0.30001770.tgz 0ms (cache hit)
422 http cache es-iterator-helpers@https://registry.npmjs.org/es-iterator-helpers/-/es-iterator-helpers-1.2.2.tgz 0ms (cache hit)
423 http cache ajv@https://registry.npmjs.org/ajv/-/ajv-6.12.6.tgz 0ms (cache hit)
424 http cache glob-parent@https://registry.npmjs.org/glob-parent/-/glob-parent-5.1.2.tgz 0ms (cache hit)
425 http cache eslint-visitor-keys@https://registry.npmjs.org/eslint-visitor-keys/-/eslint-visitor-keys-3.4.3.tgz 0ms (cache hit)
426 http cache globals@https://registry.npmjs.org/globals/-/globals-16.4.0.tgz 0ms (cache hit)
427 http cache semver@https://registry.npmjs.org/semver/-/semver-7.7.4.tgz 0ms (cache hit)
428 http cache debug@https://registry.npmjs.org/debug/-/debug-3.2.7.tgz 0ms (cache hit)
429 http cache eslint-visitor-keys@https://registry.npmjs.org/eslint-visitor-keys/-/eslint-visitor-keys-5.0.0.tgz 0ms (cache hit)
430 http cache semver@https://registry.npmjs.org/semver/-/semver-7.7.4.tgz 0ms (cache hit)
431 http cache immer@https://registry.npmjs.org/immer/-/immer-11.1.4.tgz 0ms (cache hit)
432 http cache picomatch@https://registry.npmjs.org/picomatch/-/picomatch-4.0.3.tgz 0ms (cache hit)
433 http cache ignore@https://registry.npmjs.org/ignore/-/ignore-7.0.5.tgz 0ms (cache hit)
434 http cache brace-expansion@https://registry.npmjs.org/brace-expansion/-/brace-expansion-2.0.2.tgz 0ms (cache hit)
435 http cache fdir@https://registry.npmjs.org/fdir/-/fdir-6.5.0.tgz 0ms (cache hit)
436 http cache semver@https://registry.npmjs.org/semver/-/semver-7.7.4.tgz 0ms (cache hit)
437 http cache minimatch@https://registry.npmjs.org/minimatch/-/minimatch-9.0.5.tgz 0ms (cache hit)
438 http cache postcss@https://registry.npmjs.org/postcss/-/postcss-8.4.31.tgz 0ms (cache hit)
439 http cache debug@https://registry.npmjs.org/debug/-/debug-3.2.7.tgz 0ms (cache hit)
440 http cache json5@https://registry.npmjs.org/json5/-/json5-1.0.2.tgz 1ms (cache hit)
441 http cache resolve@https://registry.npmjs.org/resolve/-/resolve-2.0.0-next.6.tgz 0ms (cache hit)
442 silly ADD node_modules/zod-validation-error
443 silly ADD node_modules/zod
444 silly ADD node_modules/yocto-queue
445 silly ADD node_modules/yallist
446 silly ADD node_modules/word-wrap
447 silly ADD node_modules/which-typed-array
448 silly ADD node_modules/which-collection
449 silly ADD node_modules/which-builtin-type
450 silly ADD node_modules/which-boxed-primitive
451 silly ADD node_modules/which
452 silly ADD node_modules/use-sync-external-store
453 silly ADD node_modules/uri-js
454 silly ADD node_modules/update-browserslist-db
455 silly ADD node_modules/unrs-resolver
456 silly ADD node_modules/undici-types
457 silly ADD node_modules/unbox-primitive
458 silly ADD node_modules/typescript-eslint
459 silly ADD node_modules/typescript
460 silly ADD node_modules/typed-array-length
461 silly ADD node_modules/typed-array-byte-offset
462 silly ADD node_modules/typed-array-byte-length
463 silly ADD node_modules/typed-array-buffer
464 silly ADD node_modules/type-check
465 silly ADD node_modules/tslib
466 silly ADD node_modules/ts-api-utils
467 silly ADD node_modules/to-regex-range
468 silly ADD node_modules/tiny-invariant
469 silly ADD node_modules/tapable
470 silly ADD node_modules/tailwindcss
471 silly ADD node_modules/supports-preserve-symlinks-flag
472 silly ADD node_modules/supports-color
473 silly ADD node_modules/styled-jsx
474 silly ADD node_modules/strip-json-comments
475 silly ADD node_modules/strip-bom
476 silly ADD node_modules/string.prototype.trimstart
477 silly ADD node_modules/string.prototype.trimend
478 silly ADD node_modules/string.prototype.trim
479 silly ADD node_modules/string.prototype.repeat
480 silly ADD node_modules/string.prototype.matchall
481 silly ADD node_modules/string.prototype.includes
482 silly ADD node_modules/stop-iteration-iterator
483 silly ADD node_modules/stable-hash
484 silly ADD node_modules/source-map-js
485 silly ADD node_modules/side-channel-weakmap
486 silly ADD node_modules/side-channel-map
487 silly ADD node_modules/side-channel-list
488 silly ADD node_modules/side-channel
489 silly ADD node_modules/shebang-regex
490 silly ADD node_modules/shebang-command
491 silly ADD node_modules/set-proto
492 silly ADD node_modules/set-function-name
493 silly ADD node_modules/set-function-length
494 silly ADD node_modules/semver
495 silly ADD node_modules/scheduler
496 silly ADD node_modules/safe-regex-test
497 silly ADD node_modules/safe-push-apply
498 silly ADD node_modules/safe-array-concat
499 silly ADD node_modules/run-parallel
500 silly ADD node_modules/reusify
501 silly ADD node_modules/resolve-pkg-maps
502 silly ADD node_modules/resolve-from
503 silly ADD node_modules/reselect
504 silly ADD node_modules/regexp.prototype.flags
505 silly ADD node_modules/reflect.getprototypeof
506 silly ADD node_modules/redux-thunk
507 silly ADD node_modules/redux
508 silly ADD node_modules/react-redux
509 silly ADD node_modules/react-is
510 silly ADD node_modules/react-hot-toast
511 silly ADD node_modules/react-dom
512 silly ADD node_modules/react
513 silly ADD node_modules/queue-microtask
514 silly ADD node_modules/punycode
515 silly ADD node_modules/prop-types
516 silly ADD node_modules/prelude-ls
517 silly ADD node_modules/postcss
518 silly ADD node_modules/possible-typed-array-names
519 silly ADD node_modules/picomatch
520 silly ADD node_modules/picocolors
521 silly ADD node_modules/path-parse
522 silly ADD node_modules/path-key
523 silly ADD node_modules/path-exists
524 silly ADD node_modules/parent-module
525 silly ADD node_modules/p-locate
526 silly ADD node_modules/p-limit
527 silly ADD node_modules/own-keys
528 silly ADD node_modules/optionator
529 silly ADD node_modules/object.values
530 silly ADD node_modules/object.groupby
531 silly ADD node_modules/object.fromentries
532 silly ADD node_modules/object.entries
533 silly ADD node_modules/object.assign
534 silly ADD node_modules/object-keys
535 silly ADD node_modules/object-inspect
536 silly ADD node_modules/object-assign
537 silly ADD node_modules/node-releases
538 silly ADD node_modules/node-exports-info
539 silly ADD node_modules/natural-compare
540 silly ADD node_modules/napi-postinstall
541 silly ADD node_modules/nanoid
542 silly ADD node_modules/ms
543 silly ADD node_modules/motion-dom
544 silly ADD node_modules/minimist
545 silly ADD node_modules/minimatch
546 silly ADD node_modules/micromatch
547 silly ADD node_modules/merge2
548 silly ADD node_modules/math-intrinsics
549 silly ADD node_modules/magic-string
550 silly ADD node_modules/lucide-react
551 silly ADD node_modules/lru-cache
552 silly ADD node_modules/loose-envify
553 silly ADD node_modules/lodash.merge
554 silly ADD node_modules/locate-path
555 silly ADD node_modules/lightningcss-win32-x64-msvc
556 silly ADD node_modules/lightningcss
557 silly ADD node_modules/levn
558 silly ADD node_modules/language-tags
559 silly ADD node_modules/language-subtag-registry
560 silly ADD node_modules/keyv
561 silly ADD node_modules/jsx-ast-utils
562 silly ADD node_modules/json5
563 silly ADD node_modules/json-stable-stringify-without-jsonify
564 silly ADD node_modules/json-schema-traverse
565 silly ADD node_modules/json-buffer
566 silly ADD node_modules/jsesc
567 silly ADD node_modules/js-yaml
568 silly ADD node_modules/js-tokens
569 silly ADD node_modules/jiti
570 silly ADD node_modules/iterator.prototype
571 silly ADD node_modules/isexe
572 silly ADD node_modules/isarray
573 silly ADD node_modules/is-weakset
574 silly ADD node_modules/is-weakref
575 silly ADD node_modules/is-weakmap
576 silly ADD node_modules/is-typed-array
577 silly ADD node_modules/is-symbol
578 silly ADD node_modules/is-string
579 silly ADD node_modules/is-shared-array-buffer
580 silly ADD node_modules/is-set
581 silly ADD node_modules/is-regex
582 silly ADD node_modules/is-number-object
583 silly ADD node_modules/is-number
584 silly ADD node_modules/is-negative-zero
585 silly ADD node_modules/is-map
586 silly ADD node_modules/is-glob
587 silly ADD node_modules/is-generator-function
588 silly ADD node_modules/is-finalizationregistry
589 silly ADD node_modules/is-extglob
590 silly ADD node_modules/is-date-object
591 silly ADD node_modules/is-data-view
592 silly ADD node_modules/is-core-module
593 silly ADD node_modules/is-callable
594 silly ADD node_modules/is-bun-module
595 silly ADD node_modules/is-bun-module/node_modules/semver
596 silly ADD node_modules/is-boolean-object
597 silly ADD node_modules/is-bigint
598 silly ADD node_modules/is-async-function
599 silly ADD node_modules/is-array-buffer
600 silly ADD node_modules/internmap
601 silly ADD node_modules/internal-slot
602 silly ADD node_modules/imurmurhash
603 silly ADD node_modules/import-fresh
604 silly ADD node_modules/immer
605 silly ADD node_modules/ignore
606 silly ADD node_modules/hermes-estree
607 silly ADD node_modules/hasown
608 silly ADD node_modules/has-tostringtag
609 silly ADD node_modules/has-symbols
610 silly ADD node_modules/has-proto
611 silly ADD node_modules/has-property-descriptors
612 silly ADD node_modules/has-flag
613 silly ADD node_modules/has-bigints
614 silly ADD node_modules/graceful-fs
615 silly ADD node_modules/gopd
616 silly ADD node_modules/globalthis
617 silly ADD node_modules/globals
618 silly ADD node_modules/glob-parent
619 silly ADD node_modules/get-tsconfig
620 silly ADD node_modules/get-symbol-description
621 silly ADD node_modules/get-proto
622 silly ADD node_modules/get-intrinsic
623 silly ADD node_modules/gensync
624 silly ADD node_modules/generator-function
625 silly ADD node_modules/functions-have-names
626 silly ADD node_modules/function.prototype.name
627 silly ADD node_modules/function-bind
628 silly ADD node_modules/for-each
629 silly ADD node_modules/flatted
630 silly ADD node_modules/flat-cache
631 silly ADD node_modules/find-up
632 silly ADD node_modules/fill-range
633 silly ADD node_modules/file-entry-cache
634 silly ADD node_modules/fastq
635 silly ADD node_modules/fast-levenshtein
636 silly ADD node_modules/fast-json-stable-stringify
637 silly ADD node_modules/fast-glob
638 silly ADD node_modules/fast-glob/node_modules/glob-parent
639 silly ADD node_modules/fast-deep-equal
640 silly ADD node_modules/eventemitter3
641 silly ADD node_modules/esutils
642 silly ADD node_modules/estraverse
643 silly ADD node_modules/esrecurse
644 silly ADD node_modules/esquery
645 silly ADD node_modules/espree
646 silly ADD node_modules/eslint-visitor-keys
647 silly ADD node_modules/eslint-scope
648 silly ADD node_modules/eslint-plugin-react-hooks
649 silly ADD node_modules/eslint-module-utils
650 silly ADD node_modules/eslint-module-utils/node_modules/debug
651 silly ADD node_modules/eslint-import-resolver-typescript
652 silly ADD node_modules/eslint-config-next
653 silly ADD node_modules/eslint-config-next/node_modules/globals
654 silly ADD node_modules/escape-string-regexp
655 silly ADD node_modules/escalade
656 silly ADD node_modules/es-toolkit
657 silly ADD node_modules/es-to-primitive
658 silly ADD node_modules/es-shim-unscopables
659 silly ADD node_modules/es-set-tostringtag
660 silly ADD node_modules/es-object-atoms
661 silly ADD node_modules/es-errors
662 silly ADD node_modules/es-define-property
663 silly ADD node_modules/emoji-regex
664 silly ADD node_modules/electron-to-chromium
665 silly ADD node_modules/dunder-proto
666 silly ADD node_modules/doctrine
667 silly ADD node_modules/detect-libc
668 silly ADD node_modules/define-properties
669 silly ADD node_modules/define-data-property
670 silly ADD node_modules/deep-is
671 silly ADD node_modules/decimal.js-light
672 silly ADD node_modules/debug
673 silly ADD node_modules/data-view-byte-offset
674 silly ADD node_modules/data-view-byte-length
675 silly ADD node_modules/data-view-buffer
676 silly ADD node_modules/damerau-levenshtein
677 silly ADD node_modules/d3-timer
678 silly ADD node_modules/d3-time-format
679 silly ADD node_modules/d3-time
680 silly ADD node_modules/d3-shape
681 silly ADD node_modules/d3-scale
682 silly ADD node_modules/d3-path
683 silly ADD node_modules/d3-interpolate
684 silly ADD node_modules/d3-format
685 silly ADD node_modules/d3-ease
686 silly ADD node_modules/d3-color
687 silly ADD node_modules/csstype
688 silly ADD node_modules/cross-spawn
689 silly ADD node_modules/convert-source-map
690 silly ADD node_modules/concat-map
691 silly ADD node_modules/color-name
692 silly ADD node_modules/color-convert
693 silly ADD node_modules/clsx
694 silly ADD node_modules/client-only
695 silly ADD node_modules/chalk
696 silly ADD node_modules/callsites
697 silly ADD node_modules/call-bound
698 silly ADD node_modules/call-bind-apply-helpers
699 silly ADD node_modules/call-bind
700 silly ADD node_modules/browserslist
701 silly ADD node_modules/braces
702 silly ADD node_modules/brace-expansion
703 silly ADD node_modules/baseline-browser-mapping
704 silly ADD node_modules/balanced-match
705 silly ADD node_modules/axobject-query
706 silly ADD node_modules/axe-core
707 silly ADD node_modules/available-typed-arrays
708 silly ADD node_modules/async-function
709 silly ADD node_modules/ast-types-flow
710 silly ADD node_modules/arraybuffer.prototype.slice
711 silly ADD node_modules/array.prototype.tosorted
712 silly ADD node_modules/array.prototype.flatmap
713 silly ADD node_modules/array.prototype.flat
714 silly ADD node_modules/array.prototype.findlastindex
715 silly ADD node_modules/array.prototype.findlast
716 silly ADD node_modules/array-includes
717 silly ADD node_modules/array-buffer-byte-length
718 silly ADD node_modules/aria-query
719 silly ADD node_modules/argparse
720 silly ADD node_modules/ansi-styles
721 silly ADD node_modules/acorn-jsx
722 silly ADD node_modules/acorn
723 silly ADD node_modules/@unrs/resolver-binding-win32-x64-msvc
724 silly ADD node_modules/@typescript-eslint/visitor-keys
725 silly ADD node_modules/@typescript-eslint/visitor-keys/node_modules/eslint-visitor-keys
726 silly ADD node_modules/@typescript-eslint/types
727 silly ADD node_modules/@typescript-eslint/type-utils
728 silly ADD node_modules/@typescript-eslint/tsconfig-utils
729 silly ADD node_modules/@typescript-eslint/scope-manager
730 silly ADD node_modules/@typescript-eslint/project-service
731 silly ADD node_modules/@typescript-eslint/parser
732 silly ADD node_modules/@typescript-eslint/eslint-plugin
733 silly ADD node_modules/@typescript-eslint/eslint-plugin/node_modules/ignore
734 silly ADD node_modules/@types/use-sync-external-store
735 silly ADD node_modules/@types/react-dom
736 silly ADD node_modules/@types/react
737 silly ADD node_modules/@types/node
738 silly ADD node_modules/@types/json5
739 silly ADD node_modules/@types/json-schema
740 silly ADD node_modules/@types/estree
741 silly ADD node_modules/@types/d3-timer
742 silly ADD node_modules/@types/d3-time
743 silly ADD node_modules/@types/d3-shape
744 silly ADD node_modules/@types/d3-scale
745 silly ADD node_modules/@types/d3-path
746 silly ADD node_modules/@types/d3-interpolate
747 silly ADD node_modules/@types/d3-ease
748 silly ADD node_modules/@types/d3-color
749 silly ADD node_modules/@types/d3-array
750 silly ADD node_modules/@tailwindcss/postcss
751 silly ADD node_modules/@tailwindcss/oxide-win32-x64-msvc
752 silly ADD node_modules/@tailwindcss/oxide
753 silly ADD node_modules/@tailwindcss/node
754 silly ADD node_modules/@swc/helpers
755 silly ADD node_modules/@standard-schema/utils
756 silly ADD node_modules/@standard-schema/spec
757 silly ADD node_modules/@rtsao/scc
758 silly ADD node_modules/@nolyfill/is-core-module
759 silly ADD node_modules/@nodelib/fs.walk
760 silly ADD node_modules/@nodelib/fs.stat
761 silly ADD node_modules/@nodelib/fs.scandir
762 silly ADD node_modules/@next/swc-win32-x64-msvc
763 silly ADD node_modules/@next/eslint-plugin-next
764 silly ADD node_modules/@next/env
765 silly ADD node_modules/@napi-rs/wasm-runtime
766 silly ADD node_modules/@jridgewell/trace-mapping
767 silly ADD node_modules/@jridgewell/sourcemap-codec
768 silly ADD node_modules/@jridgewell/resolve-uri
769 silly ADD node_modules/@jridgewell/remapping
770 silly ADD node_modules/@img/sharp-win32-x64
771 silly ADD node_modules/@img/colour
772 silly ADD node_modules/@humanwhocodes/retry
773 silly ADD node_modules/@humanwhocodes/module-importer
774 silly ADD node_modules/@humanfs/node
775 silly ADD node_modules/@humanfs/core
776 silly ADD node_modules/@eslint/plugin-kit
777 silly ADD node_modules/@eslint/object-schema
778 silly ADD node_modules/@eslint/js
779 silly ADD node_modules/@eslint/core
780 silly ADD node_modules/@eslint/config-helpers
781 silly ADD node_modules/@eslint/config-array
782 silly ADD node_modules/@eslint-community/regexpp
783 silly ADD node_modules/@emnapi/wasi-threads
784 silly ADD node_modules/@emnapi/runtime
785 silly ADD node_modules/@emnapi/core
786 silly ADD node_modules/@babel/types
787 silly ADD node_modules/@babel/traverse
788 silly ADD node_modules/@babel/template
789 silly ADD node_modules/@babel/parser
790 silly ADD node_modules/@babel/helpers
791 silly ADD node_modules/@babel/helper-validator-option
792 silly ADD node_modules/@babel/helper-validator-identifier
793 silly ADD node_modules/@babel/helper-string-parser
794 silly ADD node_modules/@babel/helper-module-transforms
795 silly ADD node_modules/@babel/helper-globals
796 silly ADD node_modules/@babel/helper-compilation-targets
797 silly ADD node_modules/@babel/generator
798 silly ADD node_modules/@babel/core
799 silly ADD node_modules/@babel/code-frame
800 silly ADD node_modules/@alloc/quick-lru
801 silly CHANGE node_modules/resolve
802 silly CHANGE node_modules/@reduxjs/toolkit
803 silly ADD node_modules/@reduxjs/toolkit/node_modules/immer
804 silly CHANGE node_modules/@typescript-eslint/typescript-estree
805 silly ADD node_modules/@typescript-eslint/typescript-estree/node_modules/semver
806 silly ADD node_modules/@typescript-eslint/typescript-estree/node_modules/minimatch
807 silly ADD node_modules/@typescript-eslint/typescript-estree/node_modules/brace-expansion
808 silly CHANGE node_modules/@typescript-eslint/utils
809 silly CHANGE node_modules/@eslint-community/eslint-utils
810 silly ADD node_modules/@eslint-community/eslint-utils/node_modules/eslint-visitor-keys
811 silly CHANGE node_modules/@tybys/wasm-util
812 silly CHANGE node_modules/victory-vendor
813 silly CHANGE node_modules/@jridgewell/gen-mapping
814 silly CHANGE node_modules/tinyglobby
815 silly ADD node_modules/tinyglobby/node_modules/fdir
816 silly CHANGE node_modules/tinyglobby/node_modules/picomatch
817 silly CHANGE node_modules/@eslint/eslintrc
818 silly CHANGE node_modules/recharts
819 silly CHANGE node_modules/sharp
820 silly CHANGE node_modules/sharp/node_modules/semver
821 silly CHANGE node_modules/tsconfig-paths
822 silly CHANGE node_modules/tsconfig-paths/node_modules/json5
823 silly CHANGE node_modules/eslint-plugin-react
824 silly CHANGE node_modules/eslint-plugin-react/node_modules/resolve
825 silly CHANGE node_modules/hermes-parser
826 silly CHANGE node_modules/next
827 silly ADD node_modules/next/node_modules/postcss
828 silly CHANGE node_modules/goober
829 silly CHANGE node_modules/motion-utils
830 silly CHANGE node_modules/eslint-import-resolver-node
831 silly CHANGE node_modules/eslint-plugin-jsx-a11y
832 silly CHANGE node_modules/eslint-plugin-import
833 silly ADD node_modules/eslint-plugin-import/node_modules/debug
834 silly CHANGE node_modules/eslint
835 silly CHANGE node_modules/es-iterator-helpers
836 silly CHANGE node_modules/enhanced-resolve
837 silly CHANGE node_modules/es-abstract
838 silly CHANGE node_modules/d3-array
839 silly CHANGE node_modules/caniuse-lite
840 silly CHANGE node_modules/ajv
841 verbose cwd C:\Users\SAM\OneDrive\Documents\Desktop\DishDash-Food-App-Management-System\frontend
842 verbose os Windows_NT 10.0.22621
843 verbose node v24.14.0
844 verbose npm  v11.11.0
845 verbose exit 0
846 info ok
